[06:41:31] [Server thread/INFO]: Starting minecraft server version 1.15.2
[06:41:31] [Server thread/INFO]: Loading properties
[06:41:31] [Server thread/INFO]: This server is running CraftBukkit version git-Spigot-6de3d4b-796eb15 (MC: 1.15.2) (Implementing API version 1.15.2-R0.1-SNAPSHOT)
[06:41:32] [Server thread/INFO]: Server Ping Player Sample Count: 12
[06:41:32] [Server thread/INFO]: Using 4 threads for Netty based IO
[06:41:32] [Server thread/INFO]: Debug logging is disabled
[06:41:32] [Server thread/INFO]: Default game type: SURVIVAL
[06:41:32] [Server thread/INFO]: Generating keypair
[06:41:33] [Server thread/INFO]: Starting Minecraft server on *:25565
[06:41:33] [Server thread/INFO]: Using epoll channel type
[06:41:35] [Server thread/INFO]: [ClearLag] Loading ClearLag v3.1.6
[06:41:35] [Server thread/INFO]: [mcMMO] Loading mcMMO v2.1.126-SNAPSHOT
[06:41:35] [Server thread/INFO]: [ServerRestorer] Loading ServerRestorer v1.0.32
[06:41:35] [Server thread/INFO]: [Essentials] Loading Essentials v2.17.2.0
[06:41:35] [Server thread/INFO]: [EssentialsSpawn] Loading EssentialsSpawn v2.17.2.0
[06:41:35] [Server thread/INFO]: [EssentialsChat] Loading EssentialsChat v2.17.2.0
[06:41:35] [Server thread/INFO]: [EssentialsProtect] Loading EssentialsProtect v2.17.2.0
[06:41:35] [Server thread/WARN]: **** SERVER IS RUNNING IN OFFLINE/INSECURE MODE!
[06:41:35] [Server thread/WARN]: The server will make no attempt to authenticate usernames. Beware.
[06:41:35] [Server thread/WARN]: While this makes the game possible to play without internet access, it also opens up the ability for hackers to connect with any username they choose.
[06:41:35] [Server thread/WARN]: To change this, set "online-mode" to "true" in the server.properties file.
[06:41:35] [Server thread/INFO]: Preparing level "world"
[06:41:36] [Server thread/INFO]: Reloading ResourceManager: Default, bukkit
[06:41:36] [Server thread/INFO]: Loaded 6 recipes
[06:41:37] [Server thread/INFO]: -------- World Settings For [world] --------
[06:41:37] [Server thread/INFO]: Experience Merge Radius: 3.0
[06:41:37] [Server thread/INFO]: Mob Spawn Range: 6
[06:41:37] [Server thread/INFO]: Cactus Growth Modifier: 100%
[06:41:37] [Server thread/INFO]: Cane Growth Modifier: 100%
[06:41:37] [Server thread/INFO]: Melon Growth Modifier: 100%
[06:41:37] [Server thread/INFO]: Mushroom Growth Modifier: 100%
[06:41:37] [Server thread/INFO]: Pumpkin Growth Modifier: 100%
[06:41:37] [Server thread/INFO]: Sapling Growth Modifier: 100%
[06:41:37] [Server thread/INFO]: Beetroot Growth Modifier: 100%
[06:41:37] [Server thread/INFO]: Carrot Growth Modifier: 100%
[06:41:37] [Server thread/INFO]: Potato Growth Modifier: 100%
[06:41:37] [Server thread/INFO]: Wheat Growth Modifier: 100%
[06:41:37] [Server thread/INFO]: NetherWart Growth Modifier: 100%
[06:41:37] [Server thread/INFO]: Vine Growth Modifier: 100%
[06:41:37] [Server thread/INFO]: Cocoa Growth Modifier: 100%
[06:41:37] [Server thread/INFO]: Bamboo Growth Modifier: 100%
[06:41:37] [Server thread/INFO]: SweetBerry Growth Modifier: 100%
[06:41:37] [Server thread/INFO]: Kelp Growth Modifier: 100%
[06:41:37] [Server thread/INFO]: Entity Activation Range: An 32 / Mo 32 / Ra 48 / Mi 16 / Tiv true
[06:41:37] [Server thread/INFO]: Entity Tracking Range: Pl 48 / An 48 / Mo 48 / Mi 32 / Other 64
[06:41:37] [Server thread/INFO]: Hopper Transfer: 8 Hopper Check: 1 Hopper Amount: 1
[06:41:37] [Server thread/INFO]: Custom Map Seeds:  Village: 10387312 Desert: 14357617 Igloo: 14357618 Jungle: 14357619 Swamp: 14357620 Monument: 10387313 Ocean: 14357621 Shipwreck: 165745295 Slime: 987234911
[06:41:37] [Server thread/INFO]: Max TNT Explosions: 100
[06:41:37] [Server thread/INFO]: Tile Max Tick Time: 50ms Entity max Tick Time: 50ms
[06:41:37] [Server thread/INFO]: View Distance: 10
[06:41:37] [Server thread/INFO]: Allow Zombie Pigmen to spawn from portal blocks: true
[06:41:37] [Server thread/INFO]: Item Despawn Rate: 6000
[06:41:37] [Server thread/INFO]: Item Merge Radius: 2.5
[06:41:37] [Server thread/INFO]: Arrow Despawn Rate: 1200 Trident Respawn Rate:1200
[06:41:37] [Server thread/INFO]: Zombie Aggressive Towards Villager: true
[06:41:37] [Server thread/INFO]: Nerfing mobs spawned from spawners: false
[06:41:48] [Server thread/INFO]: -------- World Settings For [world_nether] --------
[06:41:48] [Server thread/INFO]: Experience Merge Radius: 3.0
[06:41:48] [Server thread/INFO]: Mob Spawn Range: 6
[06:41:48] [Server thread/INFO]: Cactus Growth Modifier: 100%
[06:41:48] [Server thread/INFO]: Cane Growth Modifier: 100%
[06:41:48] [Server thread/INFO]: Melon Growth Modifier: 100%
[06:41:48] [Server thread/INFO]: Mushroom Growth Modifier: 100%
[06:41:48] [Server thread/INFO]: Pumpkin Growth Modifier: 100%
[06:41:48] [Server thread/INFO]: Sapling Growth Modifier: 100%
[06:41:48] [Server thread/INFO]: Beetroot Growth Modifier: 100%
[06:41:48] [Server thread/INFO]: Carrot Growth Modifier: 100%
[06:41:48] [Server thread/INFO]: Potato Growth Modifier: 100%
[06:41:48] [Server thread/INFO]: Wheat Growth Modifier: 100%
[06:41:48] [Server thread/INFO]: NetherWart Growth Modifier: 100%
[06:41:48] [Server thread/INFO]: Vine Growth Modifier: 100%
[06:41:48] [Server thread/INFO]: Cocoa Growth Modifier: 100%
[06:41:48] [Server thread/INFO]: Bamboo Growth Modifier: 100%
[06:41:48] [Server thread/INFO]: SweetBerry Growth Modifier: 100%
[06:41:48] [Server thread/INFO]: Kelp Growth Modifier: 100%
[06:41:48] [Server thread/INFO]: Entity Activation Range: An 32 / Mo 32 / Ra 48 / Mi 16 / Tiv true
[06:41:48] [Server thread/INFO]: Entity Tracking Range: Pl 48 / An 48 / Mo 48 / Mi 32 / Other 64
[06:41:48] [Server thread/INFO]: Hopper Transfer: 8 Hopper Check: 1 Hopper Amount: 1
[06:41:48] [Server thread/INFO]: Custom Map Seeds:  Village: 10387312 Desert: 14357617 Igloo: 14357618 Jungle: 14357619 Swamp: 14357620 Monument: 10387313 Ocean: 14357621 Shipwreck: 165745295 Slime: 987234911
[06:41:48] [Server thread/INFO]: Max TNT Explosions: 100
[06:41:48] [Server thread/INFO]: Tile Max Tick Time: 50ms Entity max Tick Time: 50ms
[06:41:48] [Server thread/INFO]: View Distance: 10
[06:41:48] [Server thread/INFO]: Allow Zombie Pigmen to spawn from portal blocks: true
[06:41:48] [Server thread/INFO]: Item Despawn Rate: 6000
[06:41:48] [Server thread/INFO]: Item Merge Radius: 2.5
[06:41:48] [Server thread/INFO]: Arrow Despawn Rate: 1200 Trident Respawn Rate:1200
[06:41:48] [Server thread/INFO]: Zombie Aggressive Towards Villager: true
[06:41:48] [Server thread/INFO]: Nerfing mobs spawned from spawners: false
[06:41:48] [Server thread/INFO]: -------- World Settings For [world_the_end] --------
[06:41:48] [Server thread/INFO]: Experience Merge Radius: 3.0
[06:41:48] [Server thread/INFO]: Mob Spawn Range: 6
[06:41:48] [Server thread/INFO]: Cactus Growth Modifier: 100%
[06:41:48] [Server thread/INFO]: Cane Growth Modifier: 100%
[06:41:48] [Server thread/INFO]: Melon Growth Modifier: 100%
[06:41:48] [Server thread/INFO]: Mushroom Growth Modifier: 100%
[06:41:48] [Server thread/INFO]: Pumpkin Growth Modifier: 100%
[06:41:48] [Server thread/INFO]: Sapling Growth Modifier: 100%
[06:41:48] [Server thread/INFO]: Beetroot Growth Modifier: 100%
[06:41:48] [Server thread/INFO]: Carrot Growth Modifier: 100%
[06:41:48] [Server thread/INFO]: Potato Growth Modifier: 100%
[06:41:48] [Server thread/INFO]: Wheat Growth Modifier: 100%
[06:41:48] [Server thread/INFO]: NetherWart Growth Modifier: 100%
[06:41:48] [Server thread/INFO]: Vine Growth Modifier: 100%
[06:41:48] [Server thread/INFO]: Cocoa Growth Modifier: 100%
[06:41:48] [Server thread/INFO]: Bamboo Growth Modifier: 100%
[06:41:48] [Server thread/INFO]: SweetBerry Growth Modifier: 100%
[06:41:48] [Server thread/INFO]: Kelp Growth Modifier: 100%
[06:41:48] [Server thread/INFO]: Entity Activation Range: An 32 / Mo 32 / Ra 48 / Mi 16 / Tiv true
[06:41:48] [Server thread/INFO]: Entity Tracking Range: Pl 48 / An 48 / Mo 48 / Mi 32 / Other 64
[06:41:48] [Server thread/INFO]: Hopper Transfer: 8 Hopper Check: 1 Hopper Amount: 1
[06:41:48] [Server thread/INFO]: Custom Map Seeds:  Village: 10387312 Desert: 14357617 Igloo: 14357618 Jungle: 14357619 Swamp: 14357620 Monument: 10387313 Ocean: 14357621 Shipwreck: 165745295 Slime: 987234911
[06:41:48] [Server thread/INFO]: Max TNT Explosions: 100
[06:41:48] [Server thread/INFO]: Tile Max Tick Time: 50ms Entity max Tick Time: 50ms
[06:41:48] [Server thread/INFO]: View Distance: 10
[06:41:48] [Server thread/INFO]: Allow Zombie Pigmen to spawn from portal blocks: true
[06:41:48] [Server thread/INFO]: Item Despawn Rate: 6000
[06:41:48] [Server thread/INFO]: Item Merge Radius: 2.5
[06:41:48] [Server thread/INFO]: Arrow Despawn Rate: 1200 Trident Respawn Rate:1200
[06:41:48] [Server thread/INFO]: Zombie Aggressive Towards Villager: true
[06:41:48] [Server thread/INFO]: Nerfing mobs spawned from spawners: false
[06:41:49] [Server thread/INFO]: Preparing start region for dimension 'world'/minecraft:overworld
[06:41:50] [Server thread/INFO]: Preparing spawn area: 0%
[06:41:50] [Server thread/INFO]: Preparing spawn area: 0%
[06:41:50] [Server thread/INFO]: Preparing spawn area: 0%
[06:41:50] [Server thread/INFO]: Preparing spawn area: 0%
[06:41:51] [Server thread/INFO]: Preparing spawn area: 41%
[06:41:51] [Server thread/INFO]: Time elapsed: 2384 ms
[06:41:51] [Server thread/INFO]: Preparing start region for dimension 'world_nether'/minecraft:the_nether
[06:41:52] [Server thread/INFO]: Preparing spawn area: 0%
[06:41:52] [Server thread/INFO]: Preparing spawn area: 0%
[06:41:52] [Server thread/INFO]: Preparing spawn area: 0%
[06:41:52] [Server-Worker-1/INFO]: Preparing spawn area: 90%
[06:41:53] [Server-Worker-1/INFO]: Preparing spawn area: 90%
[06:41:53] [Server-Worker-1/INFO]: Preparing spawn area: 90%
[06:41:54] [Server-Worker-3/INFO]: Preparing spawn area: 91%
[06:41:54] [Server-Worker-3/INFO]: Preparing spawn area: 97%
[06:41:55] [Server thread/INFO]: Time elapsed: 3740 ms
[06:41:55] [Server thread/INFO]: Preparing start region for dimension 'world_the_end'/minecraft:the_end
[06:41:55] [Server thread/INFO]: Preparing spawn area: 0%
[06:41:55] [Server-Worker-3/INFO]: Preparing spawn area: 83%
[06:41:56] [Server-Worker-3/INFO]: Preparing spawn area: 83%
[06:41:56] [Server-Worker-1/INFO]: Preparing spawn area: 91%
[06:41:56] [Server thread/INFO]: Time elapsed: 1640 ms
[06:41:56] [Server thread/INFO]: [ClearLag] Enabling ClearLag v3.1.6
[06:41:56] [Server thread/INFO]: [ClearLag] Loading modules...
[06:41:56] [Server thread/INFO]: [ClearLag] Modules enabed, loading config values
[06:41:56] [Server thread/INFO]: [ClearLag] Modules have been loaded!
[06:41:56] [Server thread/INFO]: [ClearLag] Clearlag is now enabled!
[06:41:56] [Thread-13/INFO]: [ClearLag] Checking for updates compatible with your bukkit version [1.15]...
[06:41:56] [Server thread/INFO]: [mcMMO] Enabling mcMMO v2.1.126-SNAPSHOT
[06:41:57] [Server thread/INFO]: [mcMMO] No support for repair item NETHERITE_SWORD in this version of Minecraft, skipping.
[06:41:57] [Server thread/INFO]: [mcMMO] No support for repair item NETHERITE_SHOVEL in this version of Minecraft, skipping.
[06:41:57] [Server thread/INFO]: [mcMMO] No support for repair item NETHERITE_PICKAXE in this version of Minecraft, skipping.
[06:41:57] [Server thread/INFO]: [mcMMO] No support for repair item NETHERITE_AXE in this version of Minecraft, skipping.
[06:41:57] [Server thread/INFO]: [mcMMO] No support for repair item NETHERITE_HOE in this version of Minecraft, skipping.
[06:41:57] [Server thread/INFO]: [mcMMO] No support for repair item NETHERITE_HELMET in this version of Minecraft, skipping.
[06:41:57] [Server thread/INFO]: [mcMMO] No support for repair item NETHERITE_CHESTPLATE in this version of Minecraft, skipping.
[06:41:57] [Server thread/INFO]: [mcMMO] No support for repair item NETHERITE_LEGGINGS in this version of Minecraft, skipping.
[06:41:57] [Server thread/INFO]: [mcMMO] No support for repair item NETHERITE_BOOTS in this version of Minecraft, skipping.
[06:41:58] [Thread-13/INFO]: [ClearLag] No updates found!
[06:42:00] [Server thread/INFO]: [mcMMO] No support for salvage item NETHERITE_SWORD in this version of Minecraft, skipping.
[06:42:00] [Server thread/INFO]: [mcMMO] No support for salvage item NETHERITE_SHOVEL in this version of Minecraft, skipping.
[06:42:00] [Server thread/INFO]: [mcMMO] No support for salvage item NETHERITE_PICKAXE in this version of Minecraft, skipping.
[06:42:00] [Server thread/INFO]: [mcMMO] No support for salvage item NETHERITE_AXE in this version of Minecraft, skipping.
[06:42:00] [Server thread/INFO]: [mcMMO] No support for salvage item NETHERITE_HOE in this version of Minecraft, skipping.
[06:42:00] [Server thread/INFO]: [mcMMO] No support for salvage item NETHERITE_HELMET in this version of Minecraft, skipping.
[06:42:00] [Server thread/INFO]: [mcMMO] No support for salvage item NETHERITE_CHESTPLATE in this version of Minecraft, skipping.
[06:42:00] [Server thread/INFO]: [mcMMO] No support for salvage item NETHERITE_LEGGINGS in this version of Minecraft, skipping.
[06:42:00] [Server thread/INFO]: [mcMMO] No support for salvage item NETHERITE_BOOTS in this version of Minecraft, skipping.
[06:42:00] [Server thread/INFO]: [mcMMO] enabling Acrobatics Skills
[06:42:00] [Server thread/INFO]: [mcMMO] registered subskill: Roll
[06:42:00] [Server thread/INFO]: [mcMMO] 0 entries in mcMMO World Blacklist
[06:42:00] [Server thread/INFO]: [ServerRestorer] Enabling ServerRestorer v1.0.32
[06:42:00] [Server thread/INFO]: [Essentials] Enabling Essentials v2.17.2.0
[06:42:01] [Server thread/INFO]: Attempting to convert old kits in config.yml to new kits.yml
[06:42:01] [Server thread/INFO]: No kits found to migrate.
[06:42:01] [Server thread/INFO]: [Essentials] Using 1.8.3+ BlockStateMeta provider as mob spawner provider.
[06:42:01] [Server thread/INFO]: [Essentials] Using 1.13+ flat spawn egg provider as spawn egg provider.
[06:42:01] [Server thread/INFO]: [Essentials] Using 1.9+ BasePotionData provider as potion meta provider.
[06:42:01] [Server thread/INFO]: Loaded 21018 items from items.json.
[06:42:01] [Server thread/INFO]: Using locale pt
[06:42:01] [Server thread/INFO]: [Essentials] ServerListPingEvent: Spigot iterator API
[06:42:01] [Server thread/INFO]: [Essentials] Starting Metrics. Opt-out using the global bStats config.
[06:42:01] [Server thread/INFO]: [Essentials] Using config file enhanced permissions.
[06:42:01] [Server thread/INFO]: [Essentials] Permissions listed in as player-commands will be given to all users.
[06:42:01] [Server thread/INFO]: [EssentialsSpawn] Enabling EssentialsSpawn v2.17.2.0
[06:42:01] [Server thread/INFO]: [EssentialsChat] Enabling EssentialsChat v2.17.2.0
[06:42:01] [Server thread/INFO]: [EssentialsProtect] Enabling EssentialsProtect v2.17.2.0
[06:42:01] [Server thread/INFO]: [EssentialsProtect] Continuing to enable Protect.
[06:42:01] [Server thread/INFO]: Server permissions file permissions.yml is empty, ignoring it
[06:42:01] [Server thread/INFO]: Done (25.960s)! For help, type "help"
[06:43:40] [User Authenticator #1/INFO]: UUID of player TioPotranca is 744d48f7-5a5b-3296-be48-acae5a077adb
[06:43:40] [Server thread/INFO]: TioPotranca[/187.123.1.223:15227] logged in with entity id 34 at ([world]-531.6631455195097, 96.0, 385.8905384260299)
[06:43:50] [Server thread/INFO]: TioPotranca issued server command: /gamemode survival
[06:43:55] [Server thread/INFO]: TioPotranca issued server command: /time set 0
[06:43:58] [Server thread/INFO]: [mcMMO] WorldGuard was not detected.
[06:44:27] [Server thread/INFO]: TioPotranca issued server command: /clear
[06:45:49] [Server thread/INFO]: TioPotranca issued server command: /sr save
[06:45:52] [Server thread/INFO]: TioPotranca lost connection: Disconnected
[06:45:52] [Server thread/INFO]: TioPotranca left the game
[09:20:21] [User Authenticator #2/INFO]: UUID of player NoTrabalho is 56d44610-938f-3f7c-9f4f-41fee8ae11ec
[09:20:22] [Server thread/INFO]: NoTrabalho[/200.140.139.186:34093] logged in with entity id 538 at ([world]-524.5, 63.0, 565.5)
[09:20:22] [pool-6-thread-1/INFO]: A criar configuração vazia: /home/serverspigot/plugins/Essentials/userdata/56d44610-938f-3f7c-9f4f-41fee8ae11ec.yml
[09:20:22] [Server thread/INFO]: NoTrabalho has made the advancement [Getting an Upgrade]
[09:20:41] [Server thread/INFO]: NoTrabalho lost connection: Disconnected
[09:20:41] [Server thread/INFO]: NoTrabalho left the game
[10:13:05] [User Authenticator #3/INFO]: UUID of player marcelolo is c4cdf30a-5e51-3359-8938-f415bfa8c232
[10:13:05] [Server thread/INFO]: marcelolo[/160.20.89.75:49328] logged in with entity id 660 at ([world]-579.8438697962869, 65.0, 434.7630023509509)
[10:13:29] [Server thread/INFO]: marcelolo issued server command: /help
[10:13:42] [Server thread/INFO]: marcelolo issued server command: /help
[10:13:51] [Server thread/INFO]: marcelolo issued server command: /help 2
[10:14:12] [Server thread/INFO]: marcelolo issued server command: /help 3
[10:14:59] [Server thread/INFO]: marcelolo issued server command: /help 4
[10:15:57] [User Authenticator #4/INFO]: UUID of player NoTrabalho is 56d44610-938f-3f7c-9f4f-41fee8ae11ec
[10:15:57] [Server thread/INFO]: NoTrabalho[/200.140.139.186:36223] logged in with entity id 979 at ([world]-534.1000584242481, 64.5, 529.2562429620735)
[10:16:04] [Async Chat Thread - #0/INFO]: [m<NoTrabalho[m> salve[m
[10:16:11] [Async Chat Thread - #0/INFO]: [m<marcelolo[m> salve[m
[10:16:15] [Async Chat Thread - #0/INFO]: [m<NoTrabalho[m> quem é tu ?[m
[10:16:22] [Async Chat Thread - #0/INFO]: [m<marcelolo[m> sei lá mermão[m
[10:16:27] [Async Chat Thread - #0/INFO]: [m<NoTrabalho[m> se é calouro ?[m
[10:16:31] [Async Chat Thread - #0/INFO]: [m<marcelolo[m> kkkk[m
[10:16:33] [Async Chat Thread - #0/INFO]: [m<marcelolo[m> não mano[m
[10:16:36] [Async Chat Thread - #0/INFO]: [m<marcelolo[m> mas sou do ic[m
[10:16:48] [Async Chat Thread - #0/INFO]: [m<NoTrabalho[m> o curso é dificil mesmo ?[m
[10:16:51] [Async Chat Thread - #0/INFO]: [m<marcelolo[m> tu é de la tbm?[m
[10:16:58] [Async Chat Thread - #0/INFO]: [m<marcelolo[m> um pouco mano[m
[10:17:11] [Async Chat Thread - #0/INFO]: [m<NoTrabalho[m> se ta em qual semestre ?[m
[10:17:17] [Server thread/INFO]: NoTrabalho has made the advancement [Monster Hunter]
[10:17:23] [Async Chat Thread - #0/INFO]: [m<marcelolo[m> 5º[m
[10:17:38] [Async Chat Thread - #0/INFO]: [m<NoTrabalho[m> confesso que as vezes da medo pelo que os veterano fala[m
[10:18:03] [Async Chat Thread - #0/INFO]: [m<marcelolo[m> mano, não é um curso tão fácil.[m
[10:18:06] [Async Chat Thread - #0/INFO]: [m<marcelolo[m> mas é legal[m
[10:18:27] [Async Chat Thread - #0/INFO]: [m<marcelolo[m> é um curso muito bacana[m
[10:18:41] [Async Chat Thread - #0/INFO]: [m<NoTrabalho[m> n duvido que seja[m
[10:18:49] [Async Chat Thread - #0/INFO]: [m<NoTrabalho[m> mas como vcs falam, os prof broxam a gente[m
[10:18:56] [Async Chat Thread - #0/INFO]: [m<marcelolo[m> é...[m
[10:19:03] [Async Chat Thread - #0/INFO]: [m<marcelolo[m> tem isso[m
[10:20:01] [Async Chat Thread - #0/INFO]: [m<NoTrabalho[m> qq se ta fazendo ai ?[m
[10:20:09] [Async Chat Thread - #0/INFO]: [m<marcelolo[m> vim só pegar uns diamantes[m
[10:20:09] [Async Chat Thread - #0/INFO]: [m<NoTrabalho[m> o serve ta bacana[m
[10:20:13] [Async Chat Thread - #0/INFO]: [m<marcelolo[m> já to saindo do game[m
[10:20:21] [Async Chat Thread - #0/INFO]: [m<marcelolo[m> ta sim[m
[10:20:26] [Async Chat Thread - #0/INFO]: [m<marcelolo[m> os caras fizeram ele bem feito[m
[10:20:35] [Async Chat Thread - #0/INFO]: [m<NoTrabalho[m> quem q fez ?[m
[10:20:41] [Async Chat Thread - #0/INFO]: [m<marcelolo[m> o pessoal do curso[m
[10:20:46] [Async Chat Thread - #0/INFO]: [m<marcelolo[m> meus calouros[m
[10:21:03] [Async Chat Thread - #0/INFO]: [m<marcelolo[m> to saindo velho[m
[10:21:06] [Async Chat Thread - #0/INFO]: [m<marcelolo[m> bom jogo ai pra tu[m
[10:21:08] [Async Chat Thread - #0/INFO]: [m<NoTrabalho[m> vlw <3[m
[10:21:14] [Async Chat Thread - #0/INFO]: [m<marcelolo[m> tamo junto[m
[10:21:17] [Server thread/INFO]: marcelolo lost connection: Disconnected
[10:21:17] [Server thread/INFO]: marcelolo left the game
[10:21:25] [Server thread/INFO]: NoTrabalho has made the advancement [A Seedy Place]
[10:21:35] [Server thread/INFO]: NoTrabalho lost connection: Disconnected
[10:21:35] [Server thread/INFO]: NoTrabalho left the game
[12:16:18] [User Authenticator #5/INFO]: UUID of player Davigugu55 is 2f5e2101-aa6f-3ad3-a476-0c2520065b12
[12:16:19] [Server thread/INFO]: Davigugu55[/187.123.0.241:5876] logged in with entity id 1703 at ([world]-767.1877801987994, 69.0, 962.5266548603913)
[12:24:48] [User Authenticator #6/INFO]: UUID of player scardrain is d6b2542b-a1a5-37bb-b276-3da953802328
[12:24:48] [Server thread/INFO]: scardrain[/187.123.3.10:4564] logged in with entity id 2623 at ([world]-560.5296708919792, 102.0, 384.13749998807907)
[12:25:48] [Server thread/INFO]: scardrain lost connection: Disconnected
[12:25:48] [Server thread/INFO]: scardrain left the game
[12:26:43] [Server thread/INFO]: Davigugu55 issued server command: /help
[12:26:53] [Server thread/INFO]: Davigugu55 issued server command: /mmoinfo
[12:27:16] [Server thread/INFO]: Davigugu55 issued server command: /mccooldown
[12:27:38] [Server thread/INFO]: Davigugu55 issued server command: /mcstats
[12:28:19] [Server thread/INFO]: Davigugu55 issued server command: /help 2
[12:28:32] [Server thread/INFO]: Davigugu55 issued server command: /mining
[12:48:56] [Server thread/INFO]: Davigugu55 issued server command: /home
[12:49:10] [Server thread/INFO]: Davigugu55 issued server command: /home
[12:50:01] [Server thread/INFO]: Davigugu55 issued server command: /home
[12:50:41] [Server thread/INFO]: Davigugu55 issued server command: /warp PortalNether
[12:51:07] [Server thread/INFO]: Davigugu55 issued server command: /home
[12:52:06] [Server thread/INFO]: Davigugu55 issued server command: /warp PortalNether
[12:52:48] [Server thread/INFO]: Davigugu55 issued server command: /sethome
[12:52:53] [Server thread/INFO]: Davigugu55 issued server command: /home
[12:55:23] [User Authenticator #7/INFO]: UUID of player NoTrabalho is 56d44610-938f-3f7c-9f4f-41fee8ae11ec
[12:55:23] [Server thread/INFO]: NoTrabalho[/200.140.139.186:35270] logged in with entity id 6101 at ([world]-515.9330938286889, 101.9375, 394.84026311606925)
[12:55:30] [Async Chat Thread - #1/INFO]: [m<NoTrabalho[m> eae davi[m
[12:55:35] [Async Chat Thread - #1/INFO]: [m<Davigugu55[m> falae[m
[12:55:47] [Async Chat Thread - #1/INFO]: [m<NoTrabalho[m> se é calouro tbm ?[m
[12:55:49] [Async Chat Thread - #1/INFO]: [m<NoTrabalho[m> nunca fala nada[m
[12:55:51] [Async Chat Thread - #1/INFO]: [m<Davigugu55[m> no[m
[12:57:06] [Async Chat Thread - #2/INFO]: [m<NoTrabalho[m> quer dima ai ?[m
[12:57:14] [Async Chat Thread - #2/INFO]: [m<Davigugu55[m> to de boas[m
[12:57:19] [Async Chat Thread - #2/INFO]: [m<NoTrabalho[m> to igual silvio santos[m
[12:57:23] [Async Chat Thread - #2/INFO]: [m<Davigugu55[m> aseuyhausyehuasheahu[m
[12:57:30] [Async Chat Thread - #2/INFO]: [m<Davigugu55[m> to com bastante aqui[m
[12:57:40] [Async Chat Thread - #2/INFO]: [m<NoTrabalho[m> onde se ta alias[m
[12:57:52] [Server thread/INFO]: NoTrabalho issued server command: /tpask Davigugu55
[12:57:52] [Async Chat Thread - #2/INFO]: [m<Davigugu55[m> to no Nether agr[m
[12:57:56] [Async Chat Thread - #2/INFO]: [m<NoTrabalho[m> ah bom[m
[12:58:30] [Server thread/INFO]: Davigugu55 has made the advancement [A Terrible Fortress]
[12:58:52] [Async Chat Thread - #2/INFO]: [m<NoTrabalho[m> tmnc esse som de conquista[m
[12:59:07] [Async Chat Thread - #2/INFO]: [m<Davigugu55[m> colocaram agora?[m
[12:59:28] [Async Chat Thread - #2/INFO]: [m<NoTrabalho[m> sim, levei um susto[m
[12:59:37] [Async Chat Thread - #2/INFO]: [m<Davigugu55[m> ashyuehausehas[m
[12:59:45] [Async Chat Thread - #2/INFO]: [m<Davigugu55[m> nem ouvi, to sem som[m
[13:00:51] [Server thread/INFO]: NoTrabalho lost connection: Disconnected
[13:00:51] [Server thread/INFO]: NoTrabalho left the game
[13:01:49] [Server thread/INFO]: Davigugu55 has made the advancement [Into Fire]
[13:06:52] [Server thread/INFO]: Davigugu55 issued server command: /warp
[13:06:58] [Server thread/INFO]: Davigugu55 issued server command: /warp MesaEncantamento
[13:07:09] [Server thread/INFO]: Davigugu55 issued server command: /back
[13:07:14] [Server thread/INFO]: Davigugu55 issued server command: /warp
[13:07:19] [Server thread/INFO]: Davigugu55 issued server command: /warp MesaEncantamento
[13:07:22] [Server thread/INFO]: Davigugu55 issued server command: /home
[13:15:18] [Server thread/INFO]: Davigugu55 issued server command: /spawn
[13:27:41] [Server thread/INFO]: Davigugu55 issued server command: /sethome
[13:27:46] [Server thread/INFO]: Davigugu55 lost connection: Disconnected
[13:27:46] [Server thread/INFO]: Davigugu55 left the game
[13:35:11] [User Authenticator #8/INFO]: UUID of player Davigugu55 is 2f5e2101-aa6f-3ad3-a476-0c2520065b12
[13:35:11] [Server thread/INFO]: Davigugu55[/187.123.0.241:5669] logged in with entity id 12202 at ([world]-771.2333623829953, 59.0, 964.3000000119209)
[13:40:09] [Server thread/INFO]: Davigugu55 issued server command: /back
[13:40:12] [Server thread/INFO]: Davigugu55 issued server command: /back
[13:40:16] [Server thread/INFO]: Davigugu55 issued server command: /back
[13:40:20] [Server thread/INFO]: Davigugu55 issued server command: /back
[13:40:28] [Server thread/INFO]: Davigugu55 issued server command: /warp PortalNether
[13:42:12] [Server thread/INFO]: Davigugu55 issued server command: /home
[13:42:34] [Server thread/INFO]: Davigugu55 issued server command: /warp PortalNether
[13:51:04] [Server thread/INFO]: Davigugu55 issued server command: /home
[13:51:25] [Server thread/INFO]: Davigugu55 issued server command: /back
[13:51:31] [Server thread/INFO]: Davigugu55 issued server command: /setspawn
[13:51:31] [Server thread/INFO]: §cDavigugu55 §6 não pôde utilizar um comando.
[13:51:41] [Server thread/INFO]: Davigugu55 issued server command: /homes
[13:51:51] [Server thread/INFO]: Davigugu55 issued server command: /back
[13:58:09] [User Authenticator #9/INFO]: UUID of player Zilas is 07efbfce-174a-3c89-8dfc-cf32726271a0
[13:58:09] [Server thread/INFO]: Zilas[/191.33.223.32:33672] logged in with entity id 16421 at ([world]-579.195131141883, 108.0, 325.930314681662)
[13:58:26] [User Authenticator #10/INFO]: UUID of player HiagoTI is ea6b5d08-cfbf-3957-ab4f-f4dbf2dc098f
[13:58:27] [Server thread/INFO]: HiagoTI[/179.217.112.237:55874] logged in with entity id 16542 at ([world]-551.3476980195113, 102.0, 347.37770516050114)
[13:58:37] [Server thread/INFO]: HiagoTI lost connection: Disconnected
[13:58:37] [Server thread/INFO]: HiagoTI left the game
[13:58:59] [Server thread/INFO]: Zilas lost connection: Timed out
[13:58:59] [Server thread/INFO]: Zilas left the game
[13:59:05] [User Authenticator #11/INFO]: UUID of player Leozin is 7f0ed684-a390-3f9b-8bbe-9bf324a2481b
[13:59:06] [Server thread/INFO]: Leozin[/177.67.193.116:55391] logged in with entity id 16696 at ([world]-510.6874616260278, 68.0, 459.0334412896472)
[13:59:23] [User Authenticator #12/INFO]: UUID of player Zilas is 07efbfce-174a-3c89-8dfc-cf32726271a0
[13:59:24] [Server thread/INFO]: Zilas[/191.33.223.32:33684] logged in with entity id 16817 at ([world]-583.7952222879467, 108.0, 318.99954120319796)
[13:59:47] [Server thread/INFO]: Leozin issued server command: /tpa zilas
[13:59:49] [Server thread/INFO]: Zilas lost connection: Timed out
[13:59:49] [Server thread/INFO]: Zilas left the game
[14:01:04] [Server thread/INFO]: Leozin lost connection: Disconnected
[14:01:04] [Server thread/INFO]: Leozin left the game
[14:01:30] [User Authenticator #13/INFO]: UUID of player Zilas is 07efbfce-174a-3c89-8dfc-cf32726271a0
[14:01:30] [Server thread/INFO]: Zilas[/191.33.223.32:33696] logged in with entity id 17258 at ([world]-583.7952222879467, 108.0, 318.99954120319796)
[14:02:20] [Server thread/INFO]: Zilas lost connection: Timed out
[14:02:20] [Server thread/INFO]: Zilas left the game
[14:09:21] [Server thread/INFO]: Davigugu55 issued server command: /home
[14:09:24] [Server thread/INFO]: Davigugu55 lost connection: Disconnected
[14:09:24] [Server thread/INFO]: Davigugu55 left the game
[14:33:00] [User Authenticator #14/INFO]: UUID of player Gustavo Beraldo is 0de45b06-aa5b-3683-82e8-5753d15e51cb
[14:33:00] [Server thread/INFO]: Gustavo Beraldo[/187.123.1.168:15444] logged in with entity id 18554 at ([world]-595.0243054811581, 71.0, 270.9730737926689)
[14:33:23] [Server thread/INFO]: Gustavo Beraldo lost connection: Disconnected
[14:33:23] [Server thread/INFO]: Gustavo Beraldo left the game
[14:36:31] [User Authenticator #15/INFO]: UUID of player Avatar is 2a462d01-cb45-3cb4-be49-3d901690ea18
[14:36:31] [Server thread/INFO]: Avatar[/187.123.1.168:15501] logged in with entity id 18687 at ([world]-533.6165520569305, 66.0, 567.797469412816)
[14:38:29] [Server thread/INFO]: Avatar has made the advancement [Acquire Hardware]
[14:49:56] [User Authenticator #16/INFO]: UUID of player SuubMatias is 4c680754-cf62-3e72-9e27-9e3240a8b098
[14:49:56] [Server thread/INFO]: SuubMatias[/177.13.88.18:9271] logged in with entity id 20445 at ([world]-511.1664285797941, 103.0, 383.7898499965996)
[14:50:16] [Server thread/INFO]: Avatar lost connection: Disconnected
[14:50:16] [Server thread/INFO]: Avatar left the game
[14:52:35] [User Authenticator #17/INFO]: UUID of player Avatar is 2a462d01-cb45-3cb4-be49-3d901690ea18
[14:52:36] [Server thread/INFO]: Avatar[/187.123.1.168:15627] logged in with entity id 20733 at ([world]-546.7889227034375, 95.0, 375.07812887727385)
[14:52:39] [Async Chat Thread - #3/INFO]: [m<SuubMatias[m> ola[m
[14:52:42] [Async Chat Thread - #3/INFO]: [m<Avatar[m> ola[m
[14:52:49] [Async Chat Thread - #3/INFO]: [m<Avatar[m> ola[m
[14:53:22] [Server thread/INFO]: SuubMatias has made the advancement [What a Deal!]
[14:53:59] [Server thread/INFO]: Avatar has made the advancement [Hot Stuff]
[14:54:03] [Server thread/INFO]: Avatar issued server command: /spawn
[14:54:11] [Async Chat Thread - #4/INFO]: [m<SuubMatias[m> bão ?[m
[14:54:14] [Async Chat Thread - #4/INFO]: [m<Avatar[m> bão[m
[14:57:18] [Async Chat Thread - #5/INFO]: [m<Avatar[m> estranho né[m
[14:57:21] [Async Chat Thread - #5/INFO]: [m<Avatar[m> só duas pessoas[m
[14:57:23] [Async Chat Thread - #5/INFO]: [m<Avatar[m> depois do almoço[m
[14:57:25] [Async Chat Thread - #5/INFO]: [m<Avatar[m> oq vc acha?[m
[14:57:49] [Async Chat Thread - #5/INFO]: [m<SuubMatias[m> tão tirando o cochilo dps do almoço[m
[14:57:52] [Async Chat Thread - #5/INFO]: [m<Avatar[m> sei[m
[14:58:10] [Async Chat Thread - #5/INFO]: [m<SuubMatias[m> e quem és tu ?[m
[14:58:18] [Async Chat Thread - #5/INFO]: [m<Avatar[m> um avatar[m
[14:58:24] [Async Chat Thread - #5/INFO]: [m<SuubMatias[m> justo[m
[15:00:40] [Server thread/INFO]: Avatar tried to swim in lava
[15:00:44] [Server thread/INFO]: Avatar issued server command: /back
[15:00:46] [Async Chat Thread - #6/INFO]: [m<SuubMatias[m> boa[m
[15:00:56] [Server thread/INFO]: Avatar issued server command: /back
[15:00:58] [Server thread/INFO]: Avatar issued server command: /back
[15:01:00] [Server thread/INFO]: Avatar issued server command: /back
[15:01:14] [Server thread/INFO]: Avatar has made the advancement [Suit Up]
[15:03:49] [Server thread/INFO]: Avatar fell from a high place
[15:03:52] [Server thread/INFO]: Avatar issued server command: /back
[15:05:28] [Server thread/INFO]: SuubMatias issued server command: /home
[15:07:19] [Server thread/INFO]: SuubMatias lost connection: Disconnected
[15:07:19] [Server thread/INFO]: SuubMatias left the game
[15:08:35] [Async Chat Thread - #7/INFO]: [m<Avatar[m> .[m
[15:14:25] [Server thread/INFO]: Avatar fell from a high place
[15:14:29] [Server thread/INFO]: Avatar issued server command: /back
[15:20:27] [Server thread/INFO]: Avatar has made the advancement [Monster Hunter]
[15:31:13] [Server thread/INFO]: Avatar lost connection: Disconnected
[15:31:13] [Server thread/INFO]: Avatar left the game
[15:33:34] [User Authenticator #18/INFO]: UUID of player scardrain is d6b2542b-a1a5-37bb-b276-3da953802328
[15:33:34] [Server thread/INFO]: scardrain[/187.123.3.10:4493] logged in with entity id 27683 at ([world]-560.677678841312, 97.0, 380.08048642116205)
[15:40:05] [User Authenticator #19/INFO]: UUID of player MarandoGamer is 1a1f8f59-e67a-3ae0-a28a-fe40d5c80c27
[15:40:05] [Server thread/INFO]: MarandoGamer[/201.86.178.21:60145] logged in with entity id 29891 at ([world]-536.1984104649107, 102.0, 397.03523252599126)
[15:40:12] [Async Chat Thread - #8/INFO]: [m<MarandoGamer[m> eita[m
[15:40:34] [Async Chat Thread - #8/INFO]: [m<MarandoGamer[m> ah não[m
[15:40:38] [Async Chat Thread - #8/INFO]: [m<MarandoGamer[m> eu to puto agora[m
[15:40:42] [Async Chat Thread - #8/INFO]: [m<MarandoGamer[m> EU TO PUTO DEMIAS[m
[15:40:56] [Async Chat Thread - #8/INFO]: [m<MarandoGamer[m> QUEM FOI O FILHA DA PUTA QUE DESTRUIU A MINHA PICA?[m
[15:42:33] [User Authenticator #20/INFO]: UUID of player SuubMatias is 4c680754-cf62-3e72-9e27-9e3240a8b098
[15:42:34] [Server thread/INFO]: SuubMatias[/177.13.88.18:9253] logged in with entity id 30741 at ([world]-517.874436624918, 99.0, 384.56447735410273)
[15:44:47] [Server thread/INFO]: scardrain issued server command: /sethome
[15:45:23] [Async Chat Thread - #9/INFO]: [m<SuubMatias[m> mano[m
[15:45:59] [Async Chat Thread - #9/INFO]: [m<SuubMatias[m> noboru[m
[15:46:00] [Async Chat Thread - #9/INFO]: [m<SuubMatias[m> cade[m
[15:46:00] [Async Chat Thread - #9/INFO]: [m<SuubMatias[m> a[m
[15:46:01] [Async Chat Thread - #9/INFO]: [m<SuubMatias[m> pica[m
[15:46:07] [Async Chat Thread - #9/INFO]: [m<scardrain[m> q´pica?[m
[15:46:10] [Async Chat Thread - #9/INFO]: [m<scardrain[m> eu n to na cidadwe[m
[15:46:14] [Async Chat Thread - #9/INFO]: [m<SuubMatias[m> meu deus vey[m
[15:46:18] [Server thread/INFO]: scardrain issued server command: /spawn
[15:46:19] [Async Chat Thread - #9/INFO]: [m<SuubMatias[m> a pica do marco[m
[15:46:22] [Server thread/INFO]: scardrain issued server command: /warp Vila
[15:46:26] [Async Chat Thread - #9/INFO]: [m<scardrain[m> taporra[m
[15:46:28] [Async Chat Thread - #9/INFO]: [m<scardrain[m> o que aconteceu aqui?[m
[15:46:42] [Async Chat Thread - #9/INFO]: [m<scardrain[m> perai[m
[15:46:55] [Async Chat Thread - #9/INFO]: [m<SuubMatias[m> se q pegou minhas flecha ?[m
[15:47:00] [Async Chat Thread - #9/INFO]: [m<MarandoGamer[m> nope[m
[15:47:03] [Async Chat Thread - #9/INFO]: [m<MarandoGamer[m> fiz msm[m
[15:47:07] [Server thread/INFO]: scardrain lost connection: Disconnected
[15:47:07] [Server thread/INFO]: scardrain left the game
[15:47:17] [Async Chat Thread - #9/INFO]: [m<MarandoGamer[m> vitor[m
[15:47:20] [Async Chat Thread - #9/INFO]: [m<MarandoGamer[m> deita ai[m
[15:47:32] [Async Chat Thread - #9/INFO]: [m<SuubMatias[m> phantom pra caralho[m
[15:47:35] [Async Chat Thread - #9/INFO]: [m<MarandoGamer[m> ZzZzZZzZz[m
[15:47:44] [Async Chat Thread - #9/INFO]: [m<MarandoGamer[m> deita corno[m
[15:47:46] [Async Chat Thread - #9/INFO]: [m<MarandoGamer[m> vai logo[m
[15:48:42] [User Authenticator #21/INFO]: UUID of player scardrain is d6b2542b-a1a5-37bb-b276-3da953802328
[15:48:42] [Server thread/INFO]: scardrain[/187.123.3.10:4096] logged in with entity id 31898 at ([world]-560.5505179629233, 107.1875, 378.65572205578115)
[15:48:49] [Server thread/INFO]: scardrain issued server command: /home
[15:49:16] [Server thread/INFO]: MarandoGamer issued server command: /help
[15:49:21] [Server thread/INFO]: SuubMatias issued server command: /help
[15:49:30] [Server thread/INFO]: SuubMatias issued server command: /mcrank
[15:49:36] [Server thread/INFO]: MarandoGamer issued server command: /help 2
[15:49:49] [Server thread/INFO]: SuubMatias issued server command: /help
[15:49:57] [Server thread/INFO]: SuubMatias issued server command: /mctop
[15:50:01] [Server thread/INFO]: MarandoGamer issued server command: /party CREATE
[15:50:12] [Server thread/INFO]: MarandoGamer issued server command: /party CREATE Os Picudos 3005
[15:50:29] [Server thread/INFO]: MarandoGamer issued server command: /party CREATE OsPicudos
[15:50:44] [Server thread/INFO]: scardrain issued server command: /set home
[15:50:45] [Server thread/INFO]: scardrain issued server command: /sethome
[15:50:47] [Server thread/INFO]: MarandoGamer issued server command: /help party
[15:51:12] [Server thread/INFO]: SuubMatias issued server command: /party join
[15:51:14] [Server thread/INFO]: MarandoGamer issued server command: /money
[15:51:20] [Server thread/INFO]: SuubMatias issued server command: /party join MarandoGamer
[15:51:30] [Server thread/INFO]: scardrain issued server command: /warp village
[15:51:36] [Server thread/INFO]: scardrain issued server command: /warp Vila
[15:51:44] [Async Chat Thread - #10/INFO]: [m<SuubMatias[m> ./party invite SuubMatias[m
[15:51:46] [Server thread/INFO]: MarandoGamer issued server command: /party INVITE SuubMatias
[15:51:55] [Server thread/INFO]: SuubMatias issued server command: /party accept
[15:51:59] [Async Chat Thread - #10/INFO]: [m<MarandoGamer[m> nakatinha entra discord la[m
[15:52:04] [Async Chat Thread - #10/INFO]: [m<scardrain[m> calma[m
[15:52:08] [Async Chat Thread - #10/INFO]: [m<MarandoGamer[m> blz[m
[15:52:20] [Async Chat Thread - #10/INFO]: [m<scardrain[m> to vendo se rola voltar backup[m
[15:52:26] [Async Chat Thread - #10/INFO]: [m<scardrain[m> acho que n vai rolar[m
[15:52:30] [Async Chat Thread - #10/INFO]: [m<MarandoGamer[m> se for fazer uma warp loja, faz uma havam[m
[15:52:50] [Async Chat Thread - #10/INFO]: [m<SuubMatias[m> ue, pq[m
[15:52:54] [Async Chat Thread - #10/INFO]: [m<SuubMatias[m> só volta[m
[15:56:06] [Server thread/INFO]: MarandoGamer issued server command: /tpask scardrain
[15:56:09] [Server thread/INFO]: scardrain issued server command: /tpaccept
[15:56:56] [Server thread/INFO]: scardrain issued server command: /home
[15:57:40] [Server thread/INFO]: scardrain issued server command: /home
[15:58:16] [Server thread/INFO]: scardrain issued server command: /home
[15:58:45] [Server thread/INFO]: SuubMatias issued server command: /home
[15:58:48] [Async Chat Thread - #11/INFO]: [m<SuubMatias[m> zzzzzzzz[m
[15:58:51] [Server thread/WARN]: SuubMatias was kicked for floating too long!
[15:58:51] [Server thread/INFO]: SuubMatias lost connection: Flying is not enabled on this server
[15:58:51] [Server thread/INFO]: SuubMatias left the game
[15:58:54] [User Authenticator #22/INFO]: UUID of player SuubMatias is 4c680754-cf62-3e72-9e27-9e3240a8b098
[15:58:54] [Server thread/INFO]: SuubMatias[/177.13.88.18:9446] logged in with entity id 34298 at ([world]-510.700000025332, 102.0000002, 383.299999974668)
[15:59:13] [Server thread/INFO]: Villager EntityVillager['Leatherworker'/33577, l='world', x=-1481.36, y=72.00, z=1095.26] died, message: 'Leatherworker was slain by Zombie'
[15:59:14] [Server thread/INFO]: MarandoGamer issued server command: /warp Vila
[15:59:28] [Async Chat Thread - #11/INFO]: [m<MarandoGamer[m> ZzzZzZzZzzZz[m
[15:59:42] [Server thread/INFO]: Villager EntityVillager['Farmer'/33627, l='world', x=-1448.78, y=71.00, z=1071.00] died, message: 'Farmer was slain by Zombie'
[15:59:44] [Server thread/INFO]: SuubMatias issued server command: /mctop
[15:59:54] [Server thread/INFO]: Villager EntityVillager['Farmer'/33626, l='world', x=-1448.30, y=70.42, z=1065.71] died, message: 'Farmer was slain by Zombie Villager'
[16:01:47] [Server thread/INFO]: scardrain issued server command: /warp Vila
[16:03:04] [Server thread/INFO]: SuubMatias issued server command: /home
[16:03:05] [User Authenticator #23/INFO]: UUID of player Davigugu55 is 2f5e2101-aa6f-3ad3-a476-0c2520065b12
[16:03:05] [Server thread/INFO]: Davigugu55[/187.123.0.241:5881] logged in with entity id 35272 at ([world]-768.8842317342373, 59.0, 968.6871870489641)
[16:03:13] [User Authenticator #24/INFO]: UUID of player yaya240692 is 8132ccea-0bc1-36f1-8688-cde2c45d41fb
[16:03:13] [Server thread/INFO]: yaya240692[/177.17.201.69:49524] logged in with entity id 35475 at ([world]-581.2107501124103, 65.0, 433.7074732283033)
[16:03:33] [Server thread/INFO]: scardrain issued server command: /home
[16:03:49] [Server thread/INFO]: MarandoGamer issued server command: /warp Vila
[16:03:55] [Server thread/INFO]: SuubMatias issued server command: /mctop
[16:04:05] [Server thread/INFO]: scardrain issued server command: /home
[16:04:11] [Server thread/INFO]: scardrain issued server command: /sethome
[16:05:38] [Server thread/INFO]: Davigugu55 has made the advancement [A Seedy Place]
[16:07:24] [Async Chat Thread - #12/INFO]: [m<MarandoGamer[m> yaya[m
[16:07:26] [Async Chat Thread - #12/INFO]: [m<MarandoGamer[m> chega ai[m
[16:07:30] [Async Chat Thread - #12/INFO]: [m<MarandoGamer[m> da uma porrada nele[m
[16:07:37] [Async Chat Thread - #12/INFO]: [m<yaya240692[m> pq?[m
[16:07:44] [Async Chat Thread - #12/INFO]: [m<MarandoGamer[m> pq acho que ele bugou[m
[16:07:48] [Async Chat Thread - #12/INFO]: [m<MarandoGamer[m> eu não consigo bater[m
[16:07:53] [Async Chat Thread - #12/INFO]: [m<MarandoGamer[m> ata[m
[16:07:55] [Async Chat Thread - #12/INFO]: [m<MarandoGamer[m> vlw[m
[16:07:56] [Async Chat Thread - #12/INFO]: [m<MarandoGamer[m> entendi ja[m
[16:08:08] [Async Chat Thread - #12/INFO]: [m<yaya240692[m> kkkkkkkkkkkk doido[m
[16:10:30] [Async Chat Thread - #13/INFO]: [m<SuubMatias[m> kkkkkkkkkkkkkkkkkkkkkkkkkkkkkkkkkkkkkk[m
[16:10:38] [Async Chat Thread - #13/INFO]: [m<SuubMatias[m> ABRE BUCETA[m
[16:10:46] [Async Chat Thread - #13/INFO]: [m<SuubMatias[m> Rachei[m
[16:11:07] [Server thread/INFO]: yaya240692 lost connection: Disconnected
[16:11:07] [Server thread/INFO]: yaya240692 left the game
[16:11:19] [Async Chat Thread - #13/INFO]: [m<SuubMatias[m> ABRE BUCEEETA[m
[16:11:22] [Async Chat Thread - #13/INFO]: [m<SuubMatias[m> kkkkkkkkkkkkkkkkkkkkkkkkkkkkkk[m
[16:11:23] [Async Chat Thread - #13/INFO]: [m<MarandoGamer[m> jdasvfjdiyfdsfhiofdsd[m
[16:11:31] [Async Chat Thread - #13/INFO]: [m<SuubMatias[m> ue[m
[16:11:33] [Async Chat Thread - #13/INFO]: [m<SuubMatias[m> party[m
[16:11:36] [Server thread/INFO]: CONSOLE issued server command: /list 
[16:11:36] [Server thread/INFO]: [0;33;22mHá [0;31;1m4[0;33;22m de um máximo de [0;31;1m50[0;33;22m jogadores online.[m
[16:11:36] [Server thread/INFO]: [0;33;22mdefault[m: Davigugu55[m[0;37;1m, MarandoGamer[m[0;37;1m, scardrain[m[0;37;1m, SuubMatias[m[0;37;1m[m
[16:12:16] [Server thread/INFO]: [Server] O server será parado por 30 min para manutenção
[16:12:24] [Async Chat Thread - #13/INFO]: [m<MarandoGamer[m> blz[m
[16:12:29] [Server thread/INFO]: [Server] Dentro de 5 min
[16:12:38] [Async Chat Thread - #13/INFO]: [m<MarandoGamer[m> não era 30[m
[16:12:42] [Async Chat Thread - #13/INFO]: [m<MarandoGamer[m> ata[m
[16:12:45] [Server thread/INFO]: scardrain lost connection: Disconnected
[16:12:45] [Server thread/INFO]: scardrain left the game
[16:12:50] [Async Chat Thread - #13/INFO]: [m<SuubMatias[m> ele vai ficar parado por 30[m
[16:12:56] [Server thread/INFO]: [Server] vai para daqui 5 minutos e ficar até 30 min fora
[16:13:05] [Async Chat Thread - #13/INFO]: [m<MarandoGamer[m> sim sim[m
[16:13:05] [Async Chat Thread - #13/INFO]: [m<SuubMatias[m> acrobatis[m
[16:13:10] [Async Chat Thread - #13/INFO]: [m<MarandoGamer[m> 30 min de punheta[m
[16:13:11] [Async Chat Thread - #13/INFO]: [m<SuubMatias[m> bota nivel de parkour[m
[16:13:11] [Async Chat Thread - #13/INFO]: [m<MarandoGamer[m> ghegegege[m
[16:13:20] [Async Chat Thread - #13/INFO]: [m<SuubMatias[m> marco[m
[16:13:24] [Async Chat Thread - #13/INFO]: [m<SuubMatias[m> fica pulando aqui[m
[16:13:55] [Async Chat Thread - #13/INFO]: [m<SuubMatias[m> ainda nenhuma[m
[16:14:22] [Async Chat Thread - #13/INFO]: [m<SuubMatias[m> mas é a ideia[m
[16:15:09] [Async Chat Thread - #13/INFO]: [m<SuubMatias[m> bota zumbi gigante[m
[16:15:10] [Async Chat Thread - #13/INFO]: [m<SuubMatias[m> boss[m
[16:15:14] [Async Chat Thread - #13/INFO]: [m<SuubMatias[m> KD[m
[16:15:17] [Async Chat Thread - #13/INFO]: [m<SuubMatias[m> ME MOSTRa[m
[16:15:20] [Async Chat Thread - #13/INFO]: [m<SuubMatias[m> ONDE[m
[16:15:29] [Async Chat Thread - #13/INFO]: [m<SuubMatias[m> como[m
[16:15:40] [Async Chat Thread - #13/INFO]: [m<SuubMatias[m> chama nakatinha[m
[16:15:42] [Async Chat Thread - #13/INFO]: [m<SuubMatias[m> now[m
[16:16:07] [Server thread/INFO]: MarandoGamer lost connection: Disconnected
[16:16:07] [Server thread/INFO]: MarandoGamer left the game
[16:16:13] [Server thread/INFO]: SuubMatias lost connection: Disconnected
[16:16:14] [Server thread/INFO]: SuubMatias left the game
[16:16:26] [User Authenticator #25/INFO]: UUID of player SuubMatias is 4c680754-cf62-3e72-9e27-9e3240a8b098
[16:16:27] [Server thread/INFO]: SuubMatias[/177.13.88.18:9244] logged in with entity id 40419 at ([world]-535.9306246339405, 102.0, 383.91810483629285)
[16:16:36] [User Authenticator #26/INFO]: UUID of player MarandoGamer is 1a1f8f59-e67a-3ae0-a28a-fe40d5c80c27
[16:16:36] [Server thread/INFO]: MarandoGamer[/201.86.178.21:60542] logged in with entity id 40546 at ([world]-541.3303108478444, 102.0, 384.78474893731385)
[16:16:39] [Server thread/INFO]: MarandoGamer lost connection: Disconnected
[16:16:39] [Server thread/INFO]: MarandoGamer left the game
[16:17:39] [Server thread/INFO]: SuubMatias lost connection: Disconnected
[16:17:39] [Server thread/INFO]: SuubMatias left the game
[16:17:42] [User Authenticator #27/INFO]: UUID of player SuubMatias is 4c680754-cf62-3e72-9e27-9e3240a8b098
[16:17:43] [Server thread/INFO]: SuubMatias[/177.13.88.18:9274] logged in with entity id 40739 at ([world]-534.0169095393352, 102.0, 384.5079747035679)
[16:17:45] [Server thread/INFO]: SuubMatias lost connection: Disconnected
[16:17:45] [Server thread/INFO]: SuubMatias left the game
[16:17:45] [Craft Scheduler Thread - 106/INFO]: [mcMMO] Aborting profile loading recovery for SuubMatias - player logged out
[16:26:01] [User Authenticator #28/INFO]: UUID of player scardrain is d6b2542b-a1a5-37bb-b276-3da953802328
[16:26:01] [Server thread/INFO]: scardrain[/187.123.3.10:4424] logged in with entity id 42399 at ([world]-1502.3367384233936, 112.5625, 1147.300000011921)
[16:29:28] [Server thread/INFO]: CONSOLE issued server command: /list 
[16:29:28] [Server thread/INFO]: [0;33;22mHá [0;31;1m2[0;33;22m de um máximo de [0;31;1m50[0;33;22m jogadores online.[m
[16:29:28] [Server thread/INFO]: [0;33;22mdefault[m: Davigugu55[m[0;37;1m, scardrain[m[0;37;1m[m
[16:30:23] [Server thread/INFO]: scardrain issued server command: /home
[16:30:51] [Server thread/INFO]: Villager EntityVillager['Leatherworker'/42424, l='world', x=-1481.13, y=70.00, z=1071.14] died, message: 'Leatherworker was slain by Zombie'
[16:30:58] [User Authenticator #29/INFO]: UUID of player MarandoGamer is 1a1f8f59-e67a-3ae0-a28a-fe40d5c80c27
[16:30:58] [Server thread/INFO]: MarandoGamer[/201.86.178.21:61206] logged in with entity id 43812 at ([world]-541.7537740785119, 102.0, 384.74130960606857)
[16:31:21] [Server thread/INFO]: scardrain issued server command: /warp Vila
[16:32:54] [Server thread/INFO]: scardrain issued server command: /home
[16:33:03] [User Authenticator #30/INFO]: UUID of player SuubMatias is 4c680754-cf62-3e72-9e27-9e3240a8b098
[16:33:03] [Server thread/INFO]: SuubMatias[/177.13.88.18:9450] logged in with entity id 44645 at ([world]-534.0169095393352, 102.0, 384.5079747035679)
[16:33:45] [User Authenticator #31/INFO]: UUID of player grandejogada is 4a4ad13c-52c1-31da-a3f6-a102ce27c076
[16:33:45] [Server thread/INFO]: grandejogada[/187.123.0.206:6353] logged in with entity id 44901 at ([world]-582.418185017694, 65.0, 438.5160683090865)
[16:34:11] [User Authenticator #32/INFO]: UUID of player Gustavo Beraldo is 0de45b06-aa5b-3683-82e8-5753d15e51cb
[16:34:11] [Server thread/INFO]: Gustavo Beraldo[/187.123.1.168:15478] logged in with entity id 45089 at ([world]-590.2841120864025, 72.0, 273.8844022035227)
[16:34:33] [Async Chat Thread - #14/INFO]: [m<SuubMatias[m> gustavo[m
[16:34:35] [Async Chat Thread - #14/INFO]: [m<Gustavo Beraldo[m> eae[m
[16:34:38] [Async Chat Thread - #14/INFO]: [m<SuubMatias[m> vc é nosso principal suspeito[m
[16:34:41] [Async Chat Thread - #14/INFO]: [m<Gustavo Beraldo[m> do q[m
[16:35:08] [Async Chat Thread - #14/INFO]: [m<SuubMatias[m> de ter enfia toda a casa pica no seu cu[m
